# JRE version: OpenJDK Runtime Environment (21.0.7) (build 21.0.7+-13880790-b1038.58)
# Java VM: OpenJDK 64-Bit Server VM (21.0.7+-13880790-b1038.58, mixed mode, tiered, compressed oops, compressed class ptrs, g1 gc, windows-amd64)
GC Precious Log:
 CardTable entry size: 512
 Card Set container configuration: InlinePtr #cards 5 size 8 Array Of Cards #cards 12 size 40 Howl #buckets 4 coarsen threshold 1843 Howl Bitmap #cards 512 size 80 coarsen threshold 460 Card regions per heap region 1 cards per card region 2048
 CPUs: 8 total, 8 available
 Memory: 16231M
 Large Page Support: Disabled
 NUMA Support: Disabled
 Compressed Oops: Enabled (32-bit)
 Heap Region Size: 1M
 Heap Min Capacity: 8M
 Heap Initial Capacity: 254M
 Heap Max Capacity: 2G
 Pre-touch: Disabled
 Parallel Workers: 8
 Concurrent Workers: 2
 Concurrent Refinement Workers: 8
 Periodic GC: Disabled
Heap:
 garbage-first heap   total 391168K, used 263017K [0x0000000080000000, 0x0000000100000000)
  region size 1024K, 29 young (29696K), 13 survivors (13312K)
 Metaspace       used 200235K, committed 201920K, reserved 1245184K
  class space    used 25987K, committed 26752K, reserved 1048576K
GC Heap History (20 events):
Event: 3243.571 GC heap before
{Heap before GC invocations=82 (full 0):
 garbage-first heap   total 311296K, used 277958K [0x0000000080000000, 0x0000000100000000)
  region size 1024K, 94 young (96256K), 11 survivors (11264K)
 Metaspace       used 140148K, committed 141824K, reserved 1179648K
  class space    used 18533K, committed 19584K, reserved 1048576K
}
Event: 3243.582 GC heap after
{Heap after GC invocations=83 (full 0):
 garbage-first heap   total 311296K, used 194937K [0x0000000080000000, 0x0000000100000000)
  region size 1024K, 9 young (9216K), 9 survivors (9216K)
 Metaspace       used 140148K, committed 141824K, reserved 1179648K
  class space    used 18533K, committed 19584K, reserved 1048576K
}
Event: 3245.686 GC heap before
{Heap before GC invocations=83 (full 0):
 garbage-first heap   total 311296K, used 283001K [0x0000000080000000, 0x0000000100000000)
  region size 1024K, 96 young (98304K), 9 survivors (9216K)
 Metaspace       used 145519K, committed 146816K, reserved 1179648K
  class space    used 19728K, committed 20416K, reserved 1048576K
}
Event: 3245.716 GC heap after
{Heap after GC invocations=84 (full 0):
 garbage-first heap   total 315392K, used 184124K [0x0000000080000000, 0x0000000100000000)
  region size 1024K, 9 young (9216K), 9 survivors (9216K)
 Metaspace       used 145519K, committed 146816K, reserved 1179648K
  class space    used 19728K, committed 20416K, reserved 1048576K
}
Event: 3248.243 GC heap before
{Heap before GC invocations=84 (full 0):
 garbage-first heap   total 315392K, used 295740K [0x0000000080000000, 0x0000000100000000)
  region size 1024K, 111 young (113664K), 9 survivors (9216K)
 Metaspace       used 156729K, committed 158016K, reserved 1245184K
  class space    used 21154K, committed 21696K, reserved 1048576K
}
Event: 3248.265 GC heap after
{Heap after GC invocations=85 (full 0):
 garbage-first heap   total 320512K, used 201728K [0x0000000080000000, 0x0000000100000000)
  region size 1024K, 14 young (14336K), 14 survivors (14336K)
 Metaspace       used 156729K, committed 158016K, reserved 1245184K
  class space    used 21154K, committed 21696K, reserved 1048576K
}
Event: 3248.267 GC heap before
{Heap before GC invocations=85 (full 0):
 garbage-first heap   total 320512K, used 201728K [0x0000000080000000, 0x0000000100000000)
  region size 1024K, 15 young (15360K), 14 survivors (14336K)
 Metaspace       used 156729K, committed 158016K, reserved 1245184K
  class space    used 21154K, committed 21696K, reserved 1048576K
}
Event: 3248.280 GC heap after
{Heap after GC invocations=86 (full 0):
 garbage-first heap   total 320512K, used 204891K [0x0000000080000000, 0x0000000100000000)
  region size 1024K, 2 young (2048K), 2 survivors (2048K)
 Metaspace       used 156729K, committed 158016K, reserved 1245184K
  class space    used 21154K, committed 21696K, reserved 1048576K
}
Event: 3249.631 GC heap before
{Heap before GC invocations=87 (full 0):
 garbage-first heap   total 345088K, used 298075K [0x0000000080000000, 0x0000000100000000)
  region size 1024K, 92 young (94208K), 2 survivors (2048K)
 Metaspace       used 160004K, committed 161216K, reserved 1245184K
  class space    used 21547K, committed 22080K, reserved 1048576K
}
Event: 3249.649 GC heap after
{Heap after GC invocations=88 (full 0):
 garbage-first heap   total 345088K, used 218017K [0x0000000080000000, 0x0000000100000000)
  region size 1024K, 12 young (12288K), 12 survivors (12288K)
 Metaspace       used 160004K, committed 161216K, reserved 1245184K
  class space    used 21547K, committed 22080K, reserved 1048576K
}
Event: 3252.051 GC heap before
{Heap before GC invocations=88 (full 0):
 garbage-first heap   total 345088K, used 315297K [0x0000000080000000, 0x0000000100000000)
  region size 1024K, 100 young (102400K), 12 survivors (12288K)
 Metaspace       used 170024K, committed 171648K, reserved 1245184K
  class space    used 22666K, committed 23424K, reserved 1048576K
}
Event: 3252.069 GC heap after
{Heap after GC invocations=89 (full 0):
 garbage-first heap   total 345088K, used 230052K [0x0000000080000000, 0x0000000100000000)
  region size 1024K, 7 young (7168K), 7 survivors (7168K)
 Metaspace       used 170024K, committed 171648K, reserved 1245184K
  class space    used 22666K, committed 23424K, reserved 1048576K
}
Event: 3254.019 GC heap before
{Heap before GC invocations=89 (full 0):
 garbage-first heap   total 345088K, used 298660K [0x0000000080000000, 0x0000000100000000)
  region size 1024K, 75 young (76800K), 7 survivors (7168K)
 Metaspace       used 178774K, committed 180416K, reserved 1245184K
  class space    used 23780K, committed 24512K, reserved 1048576K
}
Event: 3254.031 GC heap after
{Heap after GC invocations=90 (full 0):
 garbage-first heap   total 345088K, used 233980K [0x0000000080000000, 0x0000000100000000)
  region size 1024K, 11 young (11264K), 11 survivors (11264K)
 Metaspace       used 178774K, committed 180416K, reserved 1245184K
  class space    used 23780K, committed 24512K, reserved 1048576K
}
Event: 3256.516 GC heap before
{Heap before GC invocations=91 (full 0):
 garbage-first heap   total 391168K, used 312828K [0x0000000080000000, 0x0000000100000000)
  region size 1024K, 88 young (90112K), 11 survivors (11264K)
 Metaspace       used 183822K, committed 185472K, reserved 1245184K
  class space    used 24375K, committed 25152K, reserved 1048576K
}
Event: 3256.526 GC heap after
{Heap after GC invocations=92 (full 0):
 garbage-first heap   total 391168K, used 237231K [0x0000000080000000, 0x0000000100000000)
  region size 1024K, 9 young (9216K), 9 survivors (9216K)
 Metaspace       used 183822K, committed 185472K, reserved 1245184K
  class space    used 24375K, committed 25152K, reserved 1048576K
}
Event: 3260.938 GC heap before
{Heap before GC invocations=92 (full 0):
 garbage-first heap   total 391168K, used 350895K [0x0000000080000000, 0x0000000100000000)
  region size 1024K, 121 young (123904K), 9 survivors (9216K)
 Metaspace       used 199717K, committed 201408K, reserved 1245184K
  class space    used 25955K, committed 26752K, reserved 1048576K
}
Event: 3260.962 GC heap after
{Heap after GC invocations=93 (full 0):
 garbage-first heap   total 391168K, used 239983K [0x0000000080000000, 0x0000000100000000)
  region size 1024K, 15 young (15360K), 15 survivors (15360K)
 Metaspace       used 199717K, committed 201408K, reserved 1245184K
  class space    used 25955K, committed 26752K, reserved 1048576K
}
Event: 3262.308 GC heap before
{Heap before GC invocations=93 (full 0):
 garbage-first heap   total 391168K, used 279919K [0x0000000080000000, 0x0000000100000000)
  region size 1024K, 55 young (56320K), 15 survivors (15360K)
 Metaspace       used 200239K, committed 201920K, reserved 1245184K
  class space    used 25989K, committed 26752K, reserved 1048576K
}
Event: 3262.330 GC heap after
{Heap after GC invocations=94 (full 0):
 garbage-first heap   total 391168K, used 246633K [0x0000000080000000, 0x0000000100000000)
  region size 1024K, 13 young (13312K), 13 survivors (13312K)
 Metaspace       used 200239K, committed 201920K, reserved 1245184K
  class space    used 25989K, committed 26752K, reserved 1048576K
}

