# JRE version: OpenJDK Runtime Environment (21.0.8) (build 21.0.8+-14018985-b1038.68)
# Java VM: OpenJDK 64-Bit Server VM (21.0.8+-14018985-b1038.68, mixed mode, tiered, compressed oops, compressed class ptrs, g1 gc, windows-amd64)
GC Precious Log:
 CardTable entry size: 512
 Card Set container configuration: InlinePtr #cards 5 size 8 Array Of Cards #cards 12 size 40 Howl #buckets 4 coarsen threshold 1843 Howl Bitmap #cards 512 size 80 coarsen threshold 460 Card regions per heap region 1 cards per card region 2048
 CPUs: 8 total, 8 available
 Memory: 16231M
 Large Page Support: Disabled
 NUMA Support: Disabled
 Compressed Oops: Enabled (32-bit)
 Heap Region Size: 1M
 Heap Min Capacity: 8M
 Heap Initial Capacity: 254M
 Heap Max Capacity: 2G
 Pre-touch: Disabled
 Parallel Workers: 8
 Concurrent Workers: 2
 Concurrent Refinement Workers: 8
 Periodic GC: Disabled
Heap:
 garbage-first heap   total 329728K, used 305374K [0x0000000080000000, 0x0000000100000000)
  region size 1024K, 104 young (106496K), 4 survivors (4096K)
 Metaspace       used 168365K, committed 173120K, reserved 1245184K
  class space    used 22737K, committed 24704K, reserved 1048576K
GC Heap History (20 events):
Event: 62.310 GC heap after
{Heap after GC invocations=69 (full 0):
 garbage-first heap   total 250880K, used 164168K [0x0000000080000000, 0x0000000100000000)
  region size 1024K, 4 young (4096K), 4 survivors (4096K)
 Metaspace       used 150043K, committed 152512K, reserved 1179648K
  class space    used 20930K, committed 22144K, reserved 1048576K
}
Event: 64.355 GC heap before
{Heap before GC invocations=70 (full 0):
 garbage-first heap   total 275456K, used 229704K [0x0000000080000000, 0x0000000100000000)
  region size 1024K, 69 young (70656K), 4 survivors (4096K)
 Metaspace       used 155435K, committed 157888K, reserved 1245184K
  class space    used 21780K, committed 22976K, reserved 1048576K
}
Event: 64.362 GC heap after
{Heap after GC invocations=71 (full 0):
 garbage-first heap   total 275456K, used 165030K [0x0000000080000000, 0x0000000100000000)
  region size 1024K, 5 young (5120K), 5 survivors (5120K)
 Metaspace       used 155435K, committed 157888K, reserved 1245184K
  class space    used 21780K, committed 22976K, reserved 1048576K
}
Event: 66.121 GC heap before
{Heap before GC invocations=71 (full 0):
 garbage-first heap   total 275456K, used 252070K [0x0000000080000000, 0x0000000100000000)
  region size 1024K, 91 young (93184K), 5 survivors (5120K)
 Metaspace       used 160205K, committed 162688K, reserved 1245184K
  class space    used 22536K, committed 23744K, reserved 1048576K
}
Event: 66.129 GC heap after
{Heap after GC invocations=72 (full 0):
 garbage-first heap   total 275456K, used 163370K [0x0000000080000000, 0x0000000100000000)
  region size 1024K, 3 young (3072K), 3 survivors (3072K)
 Metaspace       used 160205K, committed 162688K, reserved 1245184K
  class space    used 22536K, committed 23744K, reserved 1048576K
}
Event: 406.179 GC heap before
{Heap before GC invocations=72 (full 0):
 garbage-first heap   total 275456K, used 272938K [0x0000000080000000, 0x0000000100000000)
  region size 1024K, 95 young (97280K), 3 survivors (3072K)
 Metaspace       used 169295K, committed 171840K, reserved 1245184K
  class space    used 23486K, committed 24704K, reserved 1048576K
}
Event: 406.219 GC heap after
{Heap after GC invocations=73 (full 0):
 garbage-first heap   total 283648K, used 164830K [0x0000000080000000, 0x0000000100000000)
  region size 1024K, 7 young (7168K), 7 survivors (7168K)
 Metaspace       used 169295K, committed 171840K, reserved 1245184K
  class space    used 23486K, committed 24704K, reserved 1048576K
}
Event: 786.669 GC heap before
{Heap before GC invocations=73 (full 0):
 garbage-first heap   total 283648K, used 259038K [0x0000000080000000, 0x0000000100000000)
  region size 1024K, 100 young (102400K), 7 survivors (7168K)
 Metaspace       used 169974K, committed 172480K, reserved 1245184K
  class space    used 23496K, committed 24704K, reserved 1048576K
}
Event: 786.710 GC heap after
{Heap after GC invocations=74 (full 0):
 garbage-first heap   total 283648K, used 173740K [0x0000000080000000, 0x0000000100000000)
  region size 1024K, 13 young (13312K), 13 survivors (13312K)
 Metaspace       used 169974K, committed 172480K, reserved 1245184K
  class space    used 23496K, committed 24704K, reserved 1048576K
}
Event: 804.965 GC heap before
{Heap before GC invocations=75 (full 0):
 garbage-first heap   total 290816K, used 253612K [0x0000000080000000, 0x0000000100000000)
  region size 1024K, 92 young (94208K), 13 survivors (13312K)
 Metaspace       used 169763K, committed 172288K, reserved 1245184K
  class space    used 23449K, committed 24704K, reserved 1048576K
}
Event: 804.987 GC heap after
{Heap after GC invocations=76 (full 0):
 garbage-first heap   total 290816K, used 181788K [0x0000000080000000, 0x0000000100000000)
  region size 1024K, 8 young (8192K), 8 survivors (8192K)
 Metaspace       used 169763K, committed 172288K, reserved 1245184K
  class space    used 23449K, committed 24704K, reserved 1048576K
}
Event: 2085.914 GC heap before
{Heap before GC invocations=76 (full 0):
 garbage-first heap   total 290816K, used 281116K [0x0000000080000000, 0x0000000100000000)
  region size 1024K, 90 young (92160K), 8 survivors (8192K)
 Metaspace       used 170090K, committed 172608K, reserved 1245184K
  class space    used 23454K, committed 24704K, reserved 1048576K
}
Event: 2085.936 GC heap after
{Heap after GC invocations=77 (full 0):
 garbage-first heap   total 295936K, used 180339K [0x0000000080000000, 0x0000000100000000)
  region size 1024K, 4 young (4096K), 4 survivors (4096K)
 Metaspace       used 170090K, committed 172608K, reserved 1245184K
  class space    used 23454K, committed 24704K, reserved 1048576K
}
Event: 2087.937 GC heap before
{Heap before GC invocations=77 (full 0):
 garbage-first heap   total 295936K, used 272499K [0x0000000080000000, 0x0000000100000000)
  region size 1024K, 95 young (97280K), 4 survivors (4096K)
 Metaspace       used 170423K, committed 172992K, reserved 1245184K
  class space    used 23459K, committed 24704K, reserved 1048576K
}
Event: 2087.956 GC heap after
{Heap after GC invocations=78 (full 0):
 garbage-first heap   total 295936K, used 191084K [0x0000000080000000, 0x0000000100000000)
  region size 1024K, 12 young (12288K), 12 survivors (12288K)
 Metaspace       used 170423K, committed 172992K, reserved 1245184K
  class space    used 23459K, committed 24704K, reserved 1048576K
}
Event: 3139.716 GC heap before
{Heap before GC invocations=79 (full 0):
 garbage-first heap   total 314368K, used 279148K [0x0000000080000000, 0x0000000100000000)
  region size 1024K, 86 young (88064K), 12 survivors (12288K)
 Metaspace       used 167745K, committed 173056K, reserved 1245184K
  class space    used 22729K, committed 24704K, reserved 1048576K
}
Event: 3139.732 GC heap after
{Heap after GC invocations=80 (full 0):
 garbage-first heap   total 314368K, used 190174K [0x0000000080000000, 0x0000000100000000)
  region size 1024K, 3 young (3072K), 3 survivors (3072K)
 Metaspace       used 167745K, committed 173056K, reserved 1245184K
  class space    used 22729K, committed 24704K, reserved 1048576K
}
Event: 3141.254 GC heap before
{Heap before GC invocations=80 (full 0):
 garbage-first heap   total 314368K, used 287454K [0x0000000080000000, 0x0000000100000000)
  region size 1024K, 99 young (101376K), 3 survivors (3072K)
 Metaspace       used 168026K, committed 173056K, reserved 1245184K
  class space    used 22736K, committed 24704K, reserved 1048576K
}
Event: 3141.294 GC heap after
{Heap after GC invocations=81 (full 0):
 garbage-first heap   total 320512K, used 186590K [0x0000000080000000, 0x0000000100000000)
  region size 1024K, 13 young (13312K), 13 survivors (13312K)
 Metaspace       used 168026K, committed 173056K, reserved 1245184K
  class space    used 22736K, committed 24704K, reserved 1048576K
}
Event: 3939.610 GC heap before
{Heap before GC invocations=81 (full 0):
 garbage-first heap   total 320512K, used 304350K [0x0000000080000000, 0x0000000100000000)
  region size 1024K, 113 young (115712K), 13 survivors (13312K)
 Metaspace       used 168365K, committed 173120K, reserved 1245184K
  class space    used 22737K, committed 24704K, reserved 1048576K
}

