# JRE version: OpenJDK Runtime Environment (21.0.8) (build 21.0.8+-14018985-b1038.68)
# Java VM: OpenJDK 64-Bit Server VM (21.0.8+-14018985-b1038.68, mixed mode, tiered, compressed oops, compressed class ptrs, g1 gc, windows-amd64)
GC Precious Log:
 CardTable entry size: 512
 Card Set container configuration: InlinePtr #cards 5 size 8 Array Of Cards #cards 12 size 40 Howl #buckets 4 coarsen threshold 1843 Howl Bitmap #cards 512 size 80 coarsen threshold 460 Card regions per heap region 1 cards per card region 2048
 CPUs: 8 total, 8 available
 Memory: 16231M
 Large Page Support: Disabled
 NUMA Support: Disabled
 Compressed Oops: Enabled (32-bit)
 Heap Region Size: 1M
 Heap Min Capacity: 8M
 Heap Initial Capacity: 254M
 Heap Max Capacity: 2G
 Pre-touch: Disabled
 Parallel Workers: 8
 Concurrent Workers: 2
 Concurrent Refinement Workers: 8
 Periodic GC: Disabled
Heap:
 garbage-first heap   total 329728K, used 304182K [0x0000000080000000, 0x0000000100000000)
  region size 1024K, 134 young (137216K), 7 survivors (7168K)
 Metaspace       used 192744K, committed 194304K, reserved 1245184K
  class space    used 25779K, committed 26560K, reserved 1048576K
GC Heap History (20 events):
Event: 3870.149 GC heap before
{Heap before GC invocations=87 (full 0):
 garbage-first heap   total 329728K, used 303623K [0x0000000080000000, 0x0000000100000000)
  region size 1024K, 106 young (108544K), 3 survivors (3072K)
 Metaspace       used 191595K, committed 193216K, reserved 1245184K
  class space    used 25712K, committed 26496K, reserved 1048576K
}
Event: 3870.165 GC heap after
{Heap after GC invocations=88 (full 0):
 garbage-first heap   total 329728K, used 181015K [0x0000000080000000, 0x0000000100000000)
  region size 1024K, 7 young (7168K), 7 survivors (7168K)
 Metaspace       used 191595K, committed 193216K, reserved 1245184K
  class space    used 25712K, committed 26496K, reserved 1048576K
}
Event: 3870.798 GC heap before
{Heap before GC invocations=88 (full 0):
 garbage-first heap   total 329728K, used 301847K [0x0000000080000000, 0x0000000100000000)
  region size 1024K, 126 young (129024K), 7 survivors (7168K)
 Metaspace       used 191832K, committed 193408K, reserved 1245184K
  class space    used 25743K, committed 26496K, reserved 1048576K
}
Event: 3870.810 GC heap after
{Heap after GC invocations=89 (full 0):
 garbage-first heap   total 329728K, used 181713K [0x0000000080000000, 0x0000000100000000)
  region size 1024K, 8 young (8192K), 8 survivors (8192K)
 Metaspace       used 191832K, committed 193408K, reserved 1245184K
  class space    used 25743K, committed 26496K, reserved 1048576K
}
Event: 3871.464 GC heap before
{Heap before GC invocations=89 (full 0):
 garbage-first heap   total 329728K, used 302545K [0x0000000080000000, 0x0000000100000000)
  region size 1024K, 127 young (130048K), 8 survivors (8192K)
 Metaspace       used 191985K, committed 193536K, reserved 1245184K
  class space    used 25753K, committed 26496K, reserved 1048576K
}
Event: 3871.473 GC heap after
{Heap after GC invocations=90 (full 0):
 garbage-first heap   total 329728K, used 185128K [0x0000000080000000, 0x0000000100000000)
  region size 1024K, 11 young (11264K), 11 survivors (11264K)
 Metaspace       used 191985K, committed 193536K, reserved 1245184K
  class space    used 25753K, committed 26496K, reserved 1048576K
}
Event: 3872.485 GC heap before
{Heap before GC invocations=91 (full 0):
 garbage-first heap   total 329728K, used 300840K [0x0000000080000000, 0x0000000100000000)
  region size 1024K, 124 young (126976K), 11 survivors (11264K)
 Metaspace       used 192046K, committed 193600K, reserved 1245184K
  class space    used 25752K, committed 26496K, reserved 1048576K
}
Event: 3872.494 GC heap after
{Heap after GC invocations=92 (full 0):
 garbage-first heap   total 329728K, used 184367K [0x0000000080000000, 0x0000000100000000)
  region size 1024K, 7 young (7168K), 7 survivors (7168K)
 Metaspace       used 192046K, committed 193600K, reserved 1245184K
  class space    used 25752K, committed 26496K, reserved 1048576K
}
Event: 3873.669 GC heap before
{Heap before GC invocations=92 (full 0):
 garbage-first heap   total 329728K, used 305199K [0x0000000080000000, 0x0000000100000000)
  region size 1024K, 124 young (126976K), 7 survivors (7168K)
 Metaspace       used 192146K, committed 193728K, reserved 1245184K
  class space    used 25760K, committed 26496K, reserved 1048576K
}
Event: 3873.682 GC heap after
{Heap after GC invocations=93 (full 0):
 garbage-first heap   total 329728K, used 178035K [0x0000000080000000, 0x0000000100000000)
  region size 1024K, 7 young (7168K), 7 survivors (7168K)
 Metaspace       used 192146K, committed 193728K, reserved 1245184K
  class space    used 25760K, committed 26496K, reserved 1048576K
}
Event: 3875.288 GC heap before
{Heap before GC invocations=93 (full 0):
 garbage-first heap   total 329728K, used 303987K [0x0000000080000000, 0x0000000100000000)
  region size 1024K, 130 young (133120K), 7 survivors (7168K)
 Metaspace       used 192211K, committed 193792K, reserved 1245184K
  class space    used 25764K, committed 26560K, reserved 1048576K
}
Event: 3875.295 GC heap after
{Heap after GC invocations=94 (full 0):
 garbage-first heap   total 329728K, used 177987K [0x0000000080000000, 0x0000000100000000)
  region size 1024K, 7 young (7168K), 7 survivors (7168K)
 Metaspace       used 192211K, committed 193792K, reserved 1245184K
  class space    used 25764K, committed 26560K, reserved 1048576K
}
Event: 3876.494 GC heap before
{Heap before GC invocations=95 (full 0):
 garbage-first heap   total 329728K, used 303939K [0x0000000080000000, 0x0000000100000000)
  region size 1024K, 130 young (133120K), 7 survivors (7168K)
 Metaspace       used 192262K, committed 193856K, reserved 1245184K
  class space    used 25768K, committed 26560K, reserved 1048576K
}
Event: 3876.499 GC heap after
{Heap after GC invocations=96 (full 0):
 garbage-first heap   total 329728K, used 177686K [0x0000000080000000, 0x0000000100000000)
  region size 1024K, 6 young (6144K), 6 survivors (6144K)
 Metaspace       used 192262K, committed 193856K, reserved 1245184K
  class space    used 25768K, committed 26560K, reserved 1048576K
}
Event: 3877.704 GC heap before
{Heap before GC invocations=96 (full 0):
 garbage-first heap   total 329728K, used 306710K [0x0000000080000000, 0x0000000100000000)
  region size 1024K, 131 young (134144K), 6 survivors (6144K)
 Metaspace       used 192304K, committed 193920K, reserved 1245184K
  class space    used 25768K, committed 26560K, reserved 1048576K
}
Event: 3877.714 GC heap after
{Heap after GC invocations=97 (full 0):
 garbage-first heap   total 329728K, used 170453K [0x0000000080000000, 0x0000000100000000)
  region size 1024K, 3 young (3072K), 3 survivors (3072K)
 Metaspace       used 192304K, committed 193920K, reserved 1245184K
  class space    used 25768K, committed 26560K, reserved 1048576K
}
Event: 3878.024 GC heap before
{Heap before GC invocations=97 (full 0):
 garbage-first heap   total 329728K, used 189909K [0x0000000080000000, 0x0000000100000000)
  region size 1024K, 23 young (23552K), 3 survivors (3072K)
 Metaspace       used 192349K, committed 193920K, reserved 1245184K
  class space    used 25770K, committed 26560K, reserved 1048576K
}
Event: 3878.028 GC heap after
{Heap after GC invocations=98 (full 0):
 garbage-first heap   total 329728K, used 172161K [0x0000000080000000, 0x0000000100000000)
  region size 1024K, 5 young (5120K), 5 survivors (5120K)
 Metaspace       used 192349K, committed 193920K, reserved 1245184K
  class space    used 25770K, committed 26560K, reserved 1048576K
}
Event: 3881.271 GC heap before
{Heap before GC invocations=99 (full 0):
 garbage-first heap   total 329728K, used 308353K [0x0000000080000000, 0x0000000100000000)
  region size 1024K, 136 young (139264K), 5 survivors (5120K)
 Metaspace       used 192634K, committed 194240K, reserved 1245184K
  class space    used 25779K, committed 26560K, reserved 1048576K
}
Event: 3881.277 GC heap after
{Heap after GC invocations=100 (full 0):
 garbage-first heap   total 329728K, used 174134K [0x0000000080000000, 0x0000000100000000)
  region size 1024K, 7 young (7168K), 7 survivors (7168K)
 Metaspace       used 192634K, committed 194240K, reserved 1245184K
  class space    used 25779K, committed 26560K, reserved 1048576K
}

