# JRE version: OpenJDK Runtime Environment (21.0.8) (build 21.0.8+-14196175-b1038.72)
# Java VM: OpenJDK 64-Bit Server VM (21.0.8+-14196175-b1038.72, mixed mode, tiered, compressed oops, compressed class ptrs, g1 gc, windows-amd64)
GC Precious Log:
 CardTable entry size: 512
 Card Set container configuration: InlinePtr #cards 5 size 8 Array Of Cards #cards 12 size 40 Howl #buckets 4 coarsen threshold 1843 Howl Bitmap #cards 512 size 80 coarsen threshold 460 Card regions per heap region 1 cards per card region 2048
 CPUs: 8 total, 8 available
 Memory: 16231M
 Large Page Support: Disabled
 NUMA Support: Disabled
 Compressed Oops: Enabled (32-bit)
 Heap Region Size: 1M
 Heap Min Capacity: 8M
 Heap Initial Capacity: 254M
 Heap Max Capacity: 2G
 Pre-touch: Disabled
 Parallel Workers: 8
 Concurrent Workers: 2
 Concurrent Refinement Workers: 8
 Periodic GC: Disabled
Heap:
 garbage-first heap   total 252928K, used 172466K [0x0000000080000000, 0x0000000100000000)
  region size 1024K, 22 young (22528K), 7 survivors (7168K)
 Metaspace       used 131537K, committed 133888K, reserved 1179648K
  class space    used 17512K, committed 18944K, reserved 1048576K
GC Heap History (20 events):
Event: 76.290 GC heap before
{Heap before GC invocations=58 (full 0):
 garbage-first heap   total 199680K, used 164597K [0x0000000080000000, 0x0000000100000000)
  region size 1024K, 46 young (47104K), 7 survivors (7168K)
 Metaspace       used 122273K, committed 124480K, reserved 1179648K
  class space    used 16981K, committed 18048K, reserved 1048576K
}
Event: 76.301 GC heap after
{Heap after GC invocations=59 (full 0):
 garbage-first heap   total 199680K, used 126602K [0x0000000080000000, 0x0000000100000000)
  region size 1024K, 6 young (6144K), 6 survivors (6144K)
 Metaspace       used 122273K, committed 124480K, reserved 1179648K
  class space    used 16981K, committed 18048K, reserved 1048576K
}
Event: 77.349 GC heap before
{Heap before GC invocations=59 (full 0):
 garbage-first heap   total 199680K, used 178826K [0x0000000080000000, 0x0000000100000000)
  region size 1024K, 58 young (59392K), 6 survivors (6144K)
 Metaspace       used 122543K, committed 124736K, reserved 1179648K
  class space    used 16997K, committed 18048K, reserved 1048576K
}
Event: 77.361 GC heap after
{Heap after GC invocations=60 (full 0):
 garbage-first heap   total 199680K, used 132003K [0x0000000080000000, 0x0000000100000000)
  region size 1024K, 6 young (6144K), 6 survivors (6144K)
 Metaspace       used 122543K, committed 124736K, reserved 1179648K
  class space    used 16997K, committed 18048K, reserved 1048576K
}
Event: 78.964 GC heap before
{Heap before GC invocations=60 (full 0):
 garbage-first heap   total 199680K, used 180131K [0x0000000080000000, 0x0000000100000000)
  region size 1024K, 54 young (55296K), 6 survivors (6144K)
 Metaspace       used 123101K, committed 125376K, reserved 1179648K
  class space    used 17103K, committed 18240K, reserved 1048576K
}
Event: 78.971 GC heap after
{Heap after GC invocations=61 (full 0):
 garbage-first heap   total 199680K, used 135726K [0x0000000080000000, 0x0000000100000000)
  region size 1024K, 6 young (6144K), 6 survivors (6144K)
 Metaspace       used 123101K, committed 125376K, reserved 1179648K
  class space    used 17103K, committed 18240K, reserved 1048576K
}
Event: 79.989 GC heap before
{Heap before GC invocations=62 (full 0):
 garbage-first heap   total 227328K, used 179758K [0x0000000080000000, 0x0000000100000000)
  region size 1024K, 50 young (51200K), 6 survivors (6144K)
 Metaspace       used 123199K, committed 125440K, reserved 1179648K
  class space    used 17115K, committed 18240K, reserved 1048576K
}
Event: 79.996 GC heap after
{Heap after GC invocations=63 (full 0):
 garbage-first heap   total 227328K, used 138137K [0x0000000080000000, 0x0000000100000000)
  region size 1024K, 5 young (5120K), 5 survivors (5120K)
 Metaspace       used 123199K, committed 125440K, reserved 1179648K
  class space    used 17115K, committed 18240K, reserved 1048576K
}
Event: 81.270 GC heap before
{Heap before GC invocations=63 (full 0):
 garbage-first heap   total 227328K, used 204697K [0x0000000080000000, 0x0000000100000000)
  region size 1024K, 71 young (72704K), 5 survivors (5120K)
 Metaspace       used 123548K, committed 125888K, reserved 1179648K
  class space    used 17150K, committed 18304K, reserved 1048576K
}
Event: 81.279 GC heap after
{Heap after GC invocations=64 (full 0):
 garbage-first heap   total 227328K, used 139644K [0x0000000080000000, 0x0000000100000000)
  region size 1024K, 8 young (8192K), 8 survivors (8192K)
 Metaspace       used 123548K, committed 125888K, reserved 1179648K
  class space    used 17150K, committed 18304K, reserved 1048576K
}
Event: 82.119 GC heap before
{Heap before GC invocations=64 (full 0):
 garbage-first heap   total 227328K, used 205180K [0x0000000080000000, 0x0000000100000000)
  region size 1024K, 73 young (74752K), 8 survivors (8192K)
 Metaspace       used 123617K, committed 125952K, reserved 1179648K
  class space    used 17154K, committed 18304K, reserved 1048576K
}
Event: 82.128 GC heap after
{Heap after GC invocations=65 (full 0):
 garbage-first heap   total 227328K, used 142160K [0x0000000080000000, 0x0000000100000000)
  region size 1024K, 8 young (8192K), 8 survivors (8192K)
 Metaspace       used 123617K, committed 125952K, reserved 1179648K
  class space    used 17154K, committed 18304K, reserved 1048576K
}
Event: 309.885 GC heap before
{Heap before GC invocations=66 (full 0):
 garbage-first heap   total 237568K, used 204624K [0x0000000080000000, 0x0000000100000000)
  region size 1024K, 70 young (71680K), 8 survivors (8192K)
 Metaspace       used 130474K, committed 132800K, reserved 1179648K
  class space    used 17803K, committed 18944K, reserved 1048576K
}
Event: 309.891 GC heap after
{Heap after GC invocations=67 (full 0):
 garbage-first heap   total 237568K, used 143251K [0x0000000080000000, 0x0000000100000000)
  region size 1024K, 2 young (2048K), 2 survivors (2048K)
 Metaspace       used 130474K, committed 132800K, reserved 1179648K
  class space    used 17803K, committed 18944K, reserved 1048576K
}
Event: 3376.840 GC heap before
{Heap before GC invocations=67 (full 0):
 garbage-first heap   total 237568K, used 219027K [0x0000000080000000, 0x0000000100000000)
  region size 1024K, 77 young (78848K), 2 survivors (2048K)
 Metaspace       used 130723K, committed 132992K, reserved 1179648K
  class space    used 17810K, committed 18944K, reserved 1048576K
}
Event: 3376.879 GC heap after
{Heap after GC invocations=68 (full 0):
 garbage-first heap   total 237568K, used 141986K [0x0000000080000000, 0x0000000100000000)
  region size 1024K, 3 young (3072K), 3 survivors (3072K)
 Metaspace       used 130723K, committed 132992K, reserved 1179648K
  class space    used 17810K, committed 18944K, reserved 1048576K
}
Event: 3380.435 GC heap before
{Heap before GC invocations=68 (full 0):
 garbage-first heap   total 237568K, used 219810K [0x0000000080000000, 0x0000000100000000)
  region size 1024K, 79 young (80896K), 3 survivors (3072K)
 Metaspace       used 131297K, committed 133632K, reserved 1179648K
  class space    used 17815K, committed 18944K, reserved 1048576K
}
Event: 3380.463 GC heap after
{Heap after GC invocations=69 (full 0):
 garbage-first heap   total 237568K, used 151441K [0x0000000080000000, 0x0000000100000000)
  region size 1024K, 10 young (10240K), 10 survivors (10240K)
 Metaspace       used 131297K, committed 133632K, reserved 1179648K
  class space    used 17815K, committed 18944K, reserved 1048576K
}
Event: 3383.143 GC heap before
{Heap before GC invocations=70 (full 0):
 garbage-first heap   total 252928K, used 212881K [0x0000000080000000, 0x0000000100000000)
  region size 1024K, 71 young (72704K), 10 survivors (10240K)
 Metaspace       used 130836K, committed 133632K, reserved 1179648K
  class space    used 17399K, committed 18944K, reserved 1048576K
}
Event: 3383.172 GC heap after
{Heap after GC invocations=71 (full 0):
 garbage-first heap   total 252928K, used 159154K [0x0000000080000000, 0x0000000100000000)
  region size 1024K, 7 young (7168K), 7 survivors (7168K)
 Metaspace       used 130836K, committed 133632K, reserved 1179648K
  class space    used 17399K, committed 18944K, reserved 1048576K
}

